<?xml version="1.0" encoding="UTF-8"?>
<!-- Generated by org.testng.reporters.JUnitXMLReporter -->
<testsuite hostname="DESKTOP-0CQ10LV" name="Test" tests="5" failures="1" timestamp="1 Oct 2018 18:20:24 GMT" time="0.103" errors="0">
  <testcase name="test1" time="0.023" classname="TestNG.TestNG.TestngPractice">
    <skipped/>
  </testcase> <!-- test1 -->
  <testcase name="test1" time="0.003" classname="TestNG.TestNG.TestngPractice">
    <skipped/>
  </testcase> <!-- test1 -->
  <testcase name="test1" time="0.002" classname="TestNG.TestNG.TestngPractice">
    <skipped/>
  </testcase> <!-- test1 -->
  <testcase name="test1" time="0.004" classname="TestNG.TestNG.TestngPractice">
    <failure type="java.lang.AssertionError" message="expected [false] but found [true]">
      <![CDATA[java.lang.AssertionError: expected [false] but found [true]
	at TestNG.TestNG.TestngPractice.test1(TestngPractice.java:12)
... Removed 30 stack frames]]>
    </failure>
  </testcase> <!-- test1 -->
  <testcase name="test2" time="0.004" classname="TestNG.TestNG.TestngPractice"/>
</testsuite> <!-- Test -->
